<?xml version="1.0" encoding="UTF-8"?>
<!-- Generated by org.testng.reporters.JUnitReportReporter -->
<testsuite skipped="0" hostname="DESKTOP-3E0G5MO" name="MultipleWindowclass" tests="1" failures="0" timestamp="28 Nov 2019 15:31:27 GMT" time="30.112" errors="0">
  <testcase name="TestMultipleWindow" time="30.112" classname="MultipleWindowclass"/>
</testsuite> <!-- MultipleWindowclass -->
