<?xml version="1.0" encoding="UTF-8"?>
<!-- Generated by org.testng.reporters.JUnitReportReporter -->
<testsuite skipped="0" hostname="DESKTOP-3E0G5MO" name="Log4j.generateLogs" tests="2" failures="0" timestamp="27 Oct 2019 11:06:17 GMT" time="40.766" errors="0">
  <testcase name="Verifytitle" time="17.662" classname="Log4j.generateLogs"/>
  <testcase name="checkelement" time="23.104" classname="Log4j.generateLogs"/>
</testsuite> <!-- Log4j.generateLogs -->
