<?xml version="1.0" encoding="UTF-8"?>
<!-- Generated by org.testng.reporters.JUnitReportReporter -->
<testsuite skipped="0" hostname="DESKTOP-3E0G5MO" name="testngFramework.NewTest3" tests="3" failures="0" timestamp="20 Nov 2019 15:03:46 GMT" time="56.342" errors="0">
  <testcase name="Test2" time="18.996" classname="testngFramework.NewTest3"/>
  <testcase name="Test3" time="18.996" classname="testngFramework.NewTest3"/>
  <testcase name="Test1" time="18.350" classname="testngFramework.NewTest3"/>
</testsuite> <!-- testngFramework.NewTest3 -->
