<?xml version="1.0" encoding="UTF-8"?>
<!-- Generated by org.testng.reporters.JUnitReportReporter -->
<testsuite hostname="DESKTOP-3E0G5MO" name="PageObjectModel2.VerifyRegistrationpage" tests="1" failures="0" timestamp="7 Sep 2019 10:05:07 GMT" time="17.550" errors="0">
  <testcase name="checkregistration" time="17.550" classname="PageObjectModel2.VerifyRegistrationpage"/>
</testsuite> <!-- PageObjectModel2.VerifyRegistrationpage -->
