<?xml version="1.0" encoding="UTF-8"?>
<!-- Generated by org.testng.reporters.JUnitReportReporter -->
<testsuite skipped="0" hostname="DESKTOP-3E0G5MO" name="Sample" tests="1" failures="0" timestamp="08 Sep 2019 06:18:27 GMT" time="14.574" errors="0">
  <testcase name="login" time="14.574" classname="Sample"/>
</testsuite> <!-- Sample -->
