<?xml version="1.0" encoding="UTF-8"?>
<!-- Generated by org.testng.reporters.JUnitReportReporter -->
<testsuite hostname="DESKTOP-3E0G5MO" name="testngFramework.NewTest2" tests="7" failures="0" timestamp="17 Jul 2019 16:07:20 GMT" time="0.030" errors="0">
  <testcase name="logout" time="0.001" classname="testngFramework.NewTest2"/>
  <testcase name="preparedreacharge" time="0.011" classname="testngFramework.NewTest2"/>
  <testcase name="billpayments" time="0.002" classname="testngFramework.NewTest2"/>
  <testcase name="login" time="0.005" classname="testngFramework.NewTest2"/>
  <testcase name="advancedsearch" time="0.003" classname="testngFramework.NewTest2"/>
  <testcase name="Fundtransfer" time="0.008" classname="testngFramework.NewTest2"/>
  <testcase name="search" time="0.000" classname="testngFramework.NewTest2"/>
</testsuite> <!-- testngFramework.NewTest2 -->
