<?xml version="1.0" encoding="UTF-8"?>
<!-- Generated by org.testng.reporters.JUnitReportReporter -->
<testsuite skipped="0" hostname="DESKTOP-3E0G5MO" name="testngFramework2.simple" tests="1" failures="0" timestamp="27 Oct 2019 12:19:10 GMT" time="44.932" errors="0">
  <testcase name="verifyValidlogin" time="44.932" classname="testngFramework2.simple"/>
</testsuite> <!-- testngFramework2.simple -->
