<?xml version="1.0" encoding="UTF-8"?>
<!-- Generated by org.testng.reporters.JUnitReportReporter -->
<testsuite skipped="0" hostname="DESKTOP-3E0G5MO" name="testngFramework.NewTest1" tests="1" failures="0" timestamp="22 Oct 2019 14:18:34 GMT" time="9.290" errors="0">
  <testcase name="login" time="9.290" classname="testngFramework.NewTest1"/>
</testsuite> <!-- testngFramework.NewTest1 -->
