<?xml version="1.0" encoding="UTF-8"?>
<!-- Generated by org.testng.reporters.JUnitReportReporter -->
<testsuite hostname="DESKTOP-3E0G5MO" name="testngFramework.Sample1" tests="8" failures="0" timestamp="17 Jul 2019 16:07:20 GMT" time="5.038" errors="0">
  <testcase name="testA" time="0.011" classname="testngFramework.Sample1"/>
  <testcase name="login" time="0.003" classname="testngFramework.Sample1"/>
  <testcase name="testB" time="5.008" classname="testngFramework.Sample1"/>
  <testcase name="advancedSearch" time="0.001" classname="testngFramework.Sample1"/>
  <testcase name="Efg" time="0.010" classname="testngFramework.Sample1"/>
  <testcase name="logout" time="0.000" classname="testngFramework.Sample1"/>
  <testcase name="Abcd" time="0.004" classname="testngFramework.Sample1"/>
  <testcase name="search" time="0.001" classname="testngFramework.Sample1"/>
</testsuite> <!-- testngFramework.Sample1 -->
