<?xml version="1.0" encoding="UTF-8"?>
<!-- Generated by org.testng.reporters.JUnitReportReporter -->
<testsuite hostname="DESKTOP-3E0G5MO" name="testngFramework.NewTest" tests="1" failures="0" timestamp="7 Sep 2019 07:34:25 GMT" time="9.644" errors="0">
  <testcase name="login" time="9.644" classname="testngFramework.NewTest"/>
</testsuite> <!-- testngFramework.NewTest -->
