<?xml version="1.0" encoding="UTF-8"?>
<!-- Generated by org.testng.reporters.JUnitReportReporter -->
<testsuite skipped="0" hostname="DESKTOP-3E0G5MO" name="DataDrivenTesting.DataProviderTest" tests="1" failures="0" timestamp="15 Oct 2019 16:56:57 GMT" time="22.463" errors="0">
  <testcase name="test" time="22.463" classname="DataDrivenTesting.DataProviderTest"/>
</testsuite> <!-- DataDrivenTesting.DataProviderTest -->
