<?xml version="1.0" encoding="UTF-8"?>
<!-- Generated by org.testng.reporters.JUnitReportReporter -->
<testsuite hostname="DESKTOP-3E0G5MO" name="testngFramework.sample" tests="2" failures="0" timestamp="7 Sep 2019 07:14:29 GMT" time="11.265" errors="0">
  <testcase name="Verifytitle" time="4.001" classname="testngFramework.sample"/>
  <testcase name="verify" time="7.264" classname="testngFramework.sample"/>
</testsuite> <!-- testngFramework.sample -->
